<?xml version="1.0" encoding="UTF-8"?>
<testng-results ignored="0" total="1" passed="1" failed="0" skipped="0">
  <reporter-output>
  </reporter-output>
  <suite started-at="2024-04-27T13:46:32 IST" name="Default suite" finished-at="2024-04-27T13:46:37 IST" duration-ms="5319">
    <groups>
    </groups>
    <test started-at="2024-04-27T13:46:32 IST" name="Default test" finished-at="2024-04-27T13:46:37 IST" duration-ms="5319">
      <class name="com.Test.loginPageTest">
        <test-method is-config="true" signature="start()[pri:0, instance:com.Test.loginPageTest@2de56eb2]" started-at="2024-04-27T13:46:32 IST" name="start" finished-at="2024-04-27T13:46:35 IST" duration-ms="3156" status="PASS">
          <reporter-output>
          </reporter-output>
        </test-method> <!-- start -->
        <test-method signature="launchURL()[pri:0, instance:com.Test.loginPageTest@2de56eb2]" started-at="2024-04-27T13:46:35 IST" name="launchURL" finished-at="2024-04-27T13:46:37 IST" duration-ms="2128" status="PASS">
          <reporter-output>
          </reporter-output>
        </test-method> <!-- launchURL -->
      </class> <!-- com.Test.loginPageTest -->
    </test> <!-- Default test -->
  </suite> <!-- Default suite -->
</testng-results>
